[debug] [2023-06-22T13:02:06.356Z] ----------------------------------------------------------------------
[debug] [2023-06-22T13:02:06.360Z] Command:       C:\Program Files\nodejs\node.exe C:\Users\faisal\AppData\Roaming\npm\node_modules\firebase-tools\lib\bin\firebase.js init functions
[debug] [2023-06-22T13:02:06.361Z] CLI Version:   12.4.0
[debug] [2023-06-22T13:02:06.362Z] Platform:      win32
[debug] [2023-06-22T13:02:06.362Z] Node Version:  v16.17.1
[debug] [2023-06-22T13:02:06.377Z] Time:          Thu Jun 22 2023 20:02:06 GMT+0700 (Waktu Indonesia Barat)
[debug] [2023-06-22T13:02:06.378Z] ----------------------------------------------------------------------
[debug] 
[debug] [2023-06-22T13:02:06.400Z] > command requires scopes: ["email","openid","https://www.googleapis.com/auth/cloudplatformprojects.readonly","https://www.googleapis.com/auth/firebase","https://www.googleapis.com/auth/cloud-platform"]
[debug] [2023-06-22T13:02:06.401Z] > authorizing via signed-in user (faislardhni@gmail.com)
[info] 
     ######## #### ########  ######## ########     ###     ######  ########
     ##        ##  ##     ## ##       ##     ##  ##   ##  ##       ##
     ######    ##  ########  ######   ########  #########  ######  ######
     ##        ##  ##    ##  ##       ##     ## ##     ##       ## ##
     ##       #### ##     ## ######## ########  ##     ##  ######  ########

You're about to initialize a Firebase project in this directory:

  C:\Users\faisal\OneDrive\Desktop\crud-fullstack\backend

[info] 
=== Project Setup
[info] 
[info] First, let's associate this project directory with a Firebase project.
[info] You can create multiple project aliases by running firebase use --add, 
[info] but for now we'll just set up a default project.
[info] 
[info] 
=== Functions Setup
[info] Let's create a new codebase for your functions.
[info] A directory corresponding to the codebase will be created in your project
[info] with sample code pre-configured.

[info] See https://firebase.google.com/docs/functions/organize-functions for
[info] more information on organizing your functions using codebases.

[info] Functions can be deployed with firebase deploy.

[info] +  Wrote functions/package.json 
[info] +  Wrote functions/.eslintrc.js 
[info] +  Wrote functions/index.js 
[info] +  Wrote functions/.gitignore 
